<?xml version="1.0" encoding="UTF-8"?>
<testsuite xmlns:xsi="http://www.w3.org/2001/XMLSchema-instance" xsi:schemaLocation="https://maven.apache.org/surefire/maven-surefire-plugin/xsd/surefire-test-report.xsd" name="com.mycompany.camel.RouteXmlTest" time="1.308" tests="1" errors="1" skipped="0" failures="0">
  <properties>
[...]
</properties>
  <testcase name="testCamelRoute" classname="com.mycompany.camel.RouteXmlTest" time="1.163">
    <error type="org.apache.cxf.service.factory.ServiceConstructionException">org.apache.cxf.service.factory.ServiceConstructionException
Caused by: java.io.IOException: Cannot find any registered HttpDestinationFactory from the Bus.
</error>
    <system-out><![CDATA[[                          main] RouteXmlTest                   INFO  ********************************************************************************
[                          main] RouteXmlTest                   INFO  Testing: testCamelRoute(com.mycompany.camel.RouteXmlTest)
[                          main] RouteXmlTest                   INFO  ********************************************************************************
[                          main] DefaultTypeConverter           INFO  Loaded 208 type converters
[                          main] ceptSendToMockEndpointStrategy INFO  Adviced endpoint [file://work/cbr/input] with mock endpoint [mock:file:work/cbr/input]
[                          main] DefaultCamelContext            INFO  Apache Camel 2.17.0.redhat-630224 (CamelContext: camel-1) is starting
[                          main] DefaultManagementStrategy      INFO  JMX is disabled
[                          main] ceptSendToMockEndpointStrategy INFO  Adviced endpoint [direct://restapi] with mock endpoint [mock:direct:restapi]
[                          main] ceptSendToMockEndpointStrategy INFO  Adviced endpoint [direct://ucclienta] with mock endpoint [mock:direct:ucclienta]
[                          main] ceptSendToMockEndpointStrategy INFO  Adviced endpoint [rest://get:/uclarest:/patient/%7Bid%7D?routeId=route1] with mock endpoint [mock:rest:get:/uclarest:/patient/%7Bid%7D]
[                          main] ceptSendToMockEndpointStrategy INFO  Adviced endpoint [rest://get:/uclafhir:/patient/%7Bid%7D?routeId=route2] with mock endpoint [mock:rest:get:/uclafhir:/patient/%7Bid%7D]
[                          main] DefaultCamelContext            INFO  AllowUseOriginalMessage is enabled. If access to the original message is not needed, then its recommended to turn this option off as it may improve performance.
[                          main] DefaultCamelContext            INFO  StreamCaching is not in use. If using streams then its recommended to enable stream caching. See more details at http://camel.apache.org/stream-caching.html
[                          main] ReflectionServiceFactoryBean   INFO  Creating Service {http://ws.ucla.poc.redhat.com/}PatientWS from class com.redhat.poc.ucla.ws.PatientWS
[                          main] HTTPTransportFactory           ERROR Cannot find any registered HttpDestinationFactory from the Bus.
[                          main] DefaultCamelContext            INFO  Apache Camel 2.17.0.redhat-630224 (CamelContext: camel-1) is shutting down
[                          main] CxfEndpoint                    INFO  shutdown the bus ... org.apache.cxf.bus.extension.ExtensionManagerBus@5974109
[                          main] DefaultCamelContext            INFO  Apache Camel 2.17.0.redhat-630224 (CamelContext: camel-1) uptime 0.760 seconds
[                          main] DefaultCamelContext            INFO  Apache Camel 2.17.0.redhat-630224 (CamelContext: camel-1) is shutdown in 0.003 seconds
[                          main] RouteXmlTest                   INFO  ********************************************************************************
[                          main] RouteXmlTest                   INFO  Testing done: testCamelRoute(com.mycompany.camel.RouteXmlTest)
[                          main] RouteXmlTest                   INFO  Took: 1.159 seconds (1159 millis)
[                          main] RouteXmlTest                   INFO  ********************************************************************************
]]></system-out>
    <system-err><![CDATA[SLF4J: Class path contains multiple SLF4J bindings.
SLF4J: Found binding in [jar:file:/home/david/.m2/repository/org/slf4j/slf4j-log4j12/1.7.7.redhat-2/slf4j-log4j12-1.7.7.redhat-2.jar!/org/slf4j/impl/StaticLoggerBinder.class]
SLF4J: Found binding in [jar:file:/home/david/.m2/repository/org/slf4j/slf4j-simple/1.7.7.redhat-2/slf4j-simple-1.7.7.redhat-2.jar!/org/slf4j/impl/StaticLoggerBinder.class]
SLF4J: Found binding in [jar:file:/home/david/.m2/repository/ch/qos/logback/logback-classic/1.1.2/logback-classic-1.1.2.jar!/org/slf4j/impl/StaticLoggerBinder.class]
SLF4J: See http://www.slf4j.org/codes.html#multiple_bindings for an explanation.
SLF4J: Actual binding is of type [org.slf4j.impl.Log4jLoggerFactory]
]]></system-err>
  </testcase>
</testsuite>